<?xml version="1.0" encoding="UTF-8"?><testsuite errors="1" failures="0" name="Reserve new flight" skipped="0" tests="1" time="49.01" timestamp="2020-09-17 07:03:50"><testcase name="Reserve new flight"><error message="no such element: Unable to locate element: {&quot;method&quot;:&quot;xpath&quot;,&quot;selector&quot;:&quot;/html/body/div[2]/div/div/app/checkout-form/div/form-component/form/div[1]/payment-component/payment-method-selector/div/ul/li[4]/p/label/i&quot;}&#10;  (Session info: chrome=85.0.4183.102)&#10;For documentation on this error, please visit: https://www.seleniumhq.org/exceptions/no_such_element.html&#10;Build info: version: '3.141.59', revision: 'e82be7d358', time: '2018-11-14T08:17:03'&#10;System info: host: 'DESKTOP-1SCGRM1', ip: '10.212.134.143', os.name: 'Windows 10', os.arch: 'amd64', os.version: '10.0', java.version: '1.8.0_241'&#10;Driver info: org.openqa.selenium.chrome.ChromeDriver&#10;Capabilities {acceptInsecureCerts: false, browserName: chrome, browserVersion: 85.0.4183.102, chrome: {chromedriverVersion: 85.0.4183.87 (cd6713ebf92fa..., userDataDir: C:\Users\Usuario\AppData\Lo...}, goog:chromeOptions: {debuggerAddress: localhost:55933}, javascriptEnabled: true, networkConnectionEnabled: false, pageLoadStrategy: normal, platform: WINDOWS, platformName: WINDOWS, proxy: Proxy(), setWindowRect: true, strictFileInteractability: false, timeouts: {implicit: 0, pageLoad: 300000, script: 30000}, unhandledPromptBehavior: dismiss and notify, webauthn:virtualAuthenticators: true}&#10;Session ID: fb929f2dd336987e409c6e85940aa335&#10;*** Element info: {Using=xpath, value=/html/body/div[2]/div/div/app/checkout-form/div/form-component/form/div[1]/payment-component/payment-method-selector/div/ul/li[4]/p/label/i}" type="org.openqa.selenium.NoSuchElementException">no such element: Unable to locate element: {"method":"xpath","selector":"/html/body/div[2]/div/div/app/checkout-form/div/form-component/form/div[1]/payment-component/payment-method-selector/div/ul/li[4]/p/label/i"}
  (Session info: chrome=85.0.4183.102)
For documentation on this error, please visit: https://www.seleniumhq.org/exceptions/no_such_element.html
Build info: version: '3.141.59', revision: 'e82be7d358', time: '2018-11-14T08:17:03'
System info: host: 'DESKTOP-1SCGRM1', ip: '10.212.134.143', os.name: 'Windows 10', os.arch: 'amd64', os.version: '10.0', java.version: '1.8.0_241'
Driver info: org.openqa.selenium.chrome.ChromeDriver
Capabilities {acceptInsecureCerts: false, browserName: chrome, browserVersion: 85.0.4183.102, chrome: {chromedriverVersion: 85.0.4183.87 (cd6713ebf92fa..., userDataDir: C:\Users\Usuario\AppData\Lo...}, goog:chromeOptions: {debuggerAddress: localhost:55933}, javascriptEnabled: true, networkConnectionEnabled: false, pageLoadStrategy: normal, platform: WINDOWS, platformName: WINDOWS, proxy: Proxy(), setWindowRect: true, strictFileInteractability: false, timeouts: {implicit: 0, pageLoad: 300000, script: 30000}, unhandledPromptBehavior: dismiss and notify, webauthn:virtualAuthenticators: true}
Session ID: fb929f2dd336987e409c6e85940aa335
*** Element info: {Using=xpath, value=/html/body/div[2]/div/div/app/checkout-form/div/form-component/form/div[1]/payment-component/payment-method-selector/div/ul/li[4]/p/label/i}</error><system-err>no such element: Unable to locate element: {"method":"xpath","selector":"/html/body/div[2]/div/div/app/checkout-form/div/form-component/form/div[1]/payment-component/payment-method-selector/div/ul/li[4]/p/label/i"}
  (Session info: chrome=85.0.4183.102)
For documentation on this error, please visit: https://www.seleniumhq.org/exceptions/no_such_element.html
Build info: version: '3.141.59', revision: 'e82be7d358', time: '2018-11-14T08:17:03'
System info: host: 'DESKTOP-1SCGRM1', ip: '10.212.134.143', os.name: 'Windows 10', os.arch: 'amd64', os.version: '10.0', java.version: '1.8.0_241'
Driver info: org.openqa.selenium.chrome.ChromeDriver
Capabilities {acceptInsecureCerts: false, browserName: chrome, browserVersion: 85.0.4183.102, chrome: {chromedriverVersion: 85.0.4183.87 (cd6713ebf92fa..., userDataDir: C:\Users\Usuario\AppData\Lo...}, goog:chromeOptions: {debuggerAddress: localhost:55933}, javascriptEnabled: true, networkConnectionEnabled: false, pageLoadStrategy: normal, platform: WINDOWS, platformName: WINDOWS, proxy: Proxy(), setWindowRect: true, strictFileInteractability: false, timeouts: {implicit: 0, pageLoad: 300000, script: 30000}, unhandledPromptBehavior: dismiss and notify, webauthn:virtualAuthenticators: true}
Session ID: fb929f2dd336987e409c6e85940aa335
*** Element info: {Using=xpath, value=/html/body/div[2]/div/div/app/checkout-form/div/form-component/form/div[1]/payment-component/payment-method-selector/div/ul/li[4]/p/label/i}&#13;
com.co.despegar.automation.tasks.reserve.ReserveFlight.performAs(ReserveFlight.java:44)&#13;
com.co.despegar.automation.stepdefinitions.ReserveFlightStepDefinitions.userEntersPersonalInformationForInvoice(ReserveFlightStepDefinitions.java:73)&#13;
cucumber.runner.Runner.runPickle(Runner.java:80)&#13;
</system-err></testcase></testsuite>